0 verbose cli C:\Program Files\nodejs\node.exe C:\Program Files\nodejs\node_modules\npm\bin\npm-cli.js
1 info using npm@11.13.0
2 info using node@v24.16.0
3 silly config load:file:C:\Program Files\nodejs\node_modules\npm\npmrc
4 silly config load:file:C:\Users\joshs\Documents\iT's-inhouse-league\.npmrc
5 silly config load:file:C:\Users\joshs\.npmrc
6 silly config load:file:C:\Users\joshs\AppData\Roaming\npm\etc\npmrc
7 verbose title npm install @supabase/supabase-js@2.45.4 @supabase/ssr@0.6.1
8 verbose argv "install" "@supabase/supabase-js@2.45.4" "@supabase/ssr@0.6.1" "--save-exact"
9 verbose logfile logs-max:10 dir:C:\Users\joshs\Documents\iT's-inhouse-league\.npm-cache\_logs\2026-06-18T05_43_42_335Z-
10 verbose logfile C:\Users\joshs\Documents\iT's-inhouse-league\.npm-cache\_logs\2026-06-18T05_43_42_335Z-debug-0.log
11 silly logfile start cleaning logs, removing 1 files
12 silly packumentCache heap:4496293888 maxSize:1124073472 maxEntrySize:562036736
13 silly logfile done cleaning log files
14 silly idealTree buildDeps
15 silly fetch manifest @supabase/ssr@0.6.1
16 silly packumentCache full:https://registry.npmjs.org/@supabase%2fssr cache-miss
17 http fetch GET https://registry.npmjs.org/@supabase%2fssr attempt 1 failed with EACCES
18 http fetch GET https://registry.npmjs.org/@supabase%2fssr attempt 2 failed with EACCES
19 http fetch GET https://registry.npmjs.org/@supabase%2fssr attempt 3 failed with EACCES
20 http fetch GET 200 https://registry.npmjs.org/@supabase%2fssr 70111ms (cache stale)
21 silly packumentCache full:https://registry.npmjs.org/@supabase%2fssr set size:216413 disposed:false
22 silly fetch manifest @supabase/supabase-js@2.45.4
23 silly packumentCache full:https://registry.npmjs.org/@supabase%2fsupabase-js cache-miss
24 http fetch GET https://registry.npmjs.org/@supabase%2fsupabase-js attempt 1 failed with EACCES
25 http fetch GET https://registry.npmjs.org/@supabase%2fsupabase-js attempt 2 failed with EACCES
26 http fetch GET https://registry.npmjs.org/@supabase%2fsupabase-js attempt 3 failed with EACCES
27 http fetch GET 200 https://registry.npmjs.org/@supabase%2fsupabase-js 70055ms (cache stale)
28 silly packumentCache full:https://registry.npmjs.org/@supabase%2fsupabase-js set size:3615495 disposed:false
29 silly placeDep ROOT @supabase/ssr@0.6.1 REPLACE for: its-inhouse-league@0.1.0 want: 0.6.1
30 silly placeDep ROOT @supabase/supabase-js@2.45.4 REPLACE for: its-inhouse-league@0.1.0 want: 2.45.4
31 silly fetch manifest @supabase/auth-js@2.65.0
32 silly packumentCache full:https://registry.npmjs.org/@supabase%2fauth-js cache-miss
33 silly fetch manifest @supabase/node-fetch@2.6.15
34 silly packumentCache full:https://registry.npmjs.org/@supabase%2fnode-fetch cache-miss
35 silly fetch manifest @supabase/storage-js@2.7.0
36 silly packumentCache full:https://registry.npmjs.org/@supabase%2fstorage-js cache-miss
37 silly fetch manifest @supabase/realtime-js@2.10.2
38 silly packumentCache full:https://registry.npmjs.org/@supabase%2frealtime-js cache-miss
39 silly fetch manifest @supabase/functions-js@2.4.1
40 silly packumentCache full:https://registry.npmjs.org/@supabase%2ffunctions-js cache-miss
41 silly fetch manifest @supabase/postgrest-js@1.16.1
42 silly packumentCache full:https://registry.npmjs.org/@supabase%2fpostgrest-js cache-miss
43 http fetch GET https://registry.npmjs.org/@supabase%2fnode-fetch attempt 1 failed with EACCES
44 http fetch GET https://registry.npmjs.org/@supabase%2fstorage-js attempt 1 failed with EACCES
45 http fetch GET https://registry.npmjs.org/@supabase%2fauth-js attempt 1 failed with EACCES
46 http fetch GET https://registry.npmjs.org/@supabase%2ffunctions-js attempt 1 failed with EACCES
47 http fetch GET https://registry.npmjs.org/@supabase%2fpostgrest-js attempt 1 failed with EACCES
48 http fetch GET https://registry.npmjs.org/@supabase%2frealtime-js attempt 1 failed with EACCES
49 http fetch GET https://registry.npmjs.org/@supabase%2fnode-fetch attempt 2 failed with EACCES
50 http fetch GET https://registry.npmjs.org/@supabase%2fstorage-js attempt 2 failed with EACCES
51 http fetch GET https://registry.npmjs.org/@supabase%2fauth-js attempt 2 failed with EACCES
52 http fetch GET https://registry.npmjs.org/@supabase%2ffunctions-js attempt 2 failed with EACCES
53 http fetch GET https://registry.npmjs.org/@supabase%2fpostgrest-js attempt 2 failed with EACCES
54 http fetch GET https://registry.npmjs.org/@supabase%2frealtime-js attempt 2 failed with EACCES
